

  crash
JavaScript strict warning: file:///Users/mozilla/workspace/marionette-js-runner/b2g/Contents/MacOS/components/DirectoryProvider.js, line 191: SyntaxError: octal literals and octal escape sequences are deprecated
JavaScript strict warning: file:///Users/mozilla/workspace/marionette-js-runner/b2g/Contents/MacOS/components/DirectoryProvider.js, line 191: SyntaxError: octal literals and octal escape sequences are deprecated
JavaScript strict warning: file:///Users/mozilla/workspace/marionette-js-runner/b2g/Contents/MacOS/components/DirectoryProvider.js, line 191: SyntaxError: octal literals and octal escape sequences are deprecated
1416731844913	Marionette	INFO	marionette enabled via build flag and pref
++DOCSHELL 0x10ed1b000 == 1 [pid = 66582] [id = 1]
++DOMWINDOW == 1 (0x10ed6ac00) [pid = 66582] [serial = 1] [outer = 0x0]
++DOMWINDOW == 2 (0x10ed6e400) [pid = 66582] [serial = 2] [outer = 0x10ed6ac00]
[66582] WARNING: NS_ENSURE_SUCCESS(rv, rv) failed with result 0x80520012: file /builds/slave/b2g-in-osx64_g-d-0000000000000/build/extensions/cookie/nsPermissionManager.cpp, line 1925
[66582] WARNING: NS_ENSURE_SUCCESS(rv, rv) failed with result 0x80520012: file /builds/slave/b2g-in-osx64_g-d-0000000000000/build/extensions/cookie/nsPermissionManager.cpp, line 1885
1416731844973	Marionette	INFO	marionette-server.js loaded
JavaScript strict warning: chrome://marionette/content/marionette-frame-manager.js, line 9: TypeError: "FRAME_SCRIPT" is read-only
JavaScript strict warning: chrome://marionette/content/atoms.js, line 19: TypeError: variable a redeclares argument
JavaScript strict warning: chrome://marionette/content/atoms.js, line 32: TypeError: variable a redeclares argument
JavaScript strict warning: chrome://marionette/content/atoms.js, line 34: TypeError: variable a redeclares argument
JavaScript strict warning: chrome://marionette/content/atoms.js, line 36: SyntaxError: test for equality (==) mistyped as assignment (=)?
JavaScript strict warning: chrome://marionette/content/atoms.js, line 39: TypeError: variable a redeclares argument
JavaScript strict warning: chrome://marionette/content/atoms.js, line 42: SyntaxError: test for equality (==) mistyped as assignment (=)?
JavaScript strict warning: chrome://marionette/content/atoms.js, line 42: SyntaxError: test for equality (==) mistyped as assignment (=)?
JavaScript strict warning: chrome://marionette/content/atoms.js, line 47: TypeError: variable a redeclares argument
JavaScript strict warning: chrome://marionette/content/atoms.js, line 48: SyntaxError: test for equality (==) mistyped as assignment (=)?
JavaScript strict warning: chrome://marionette/content/atoms.js, line 56: TypeError: variable a redeclares argument
JavaScript strict warning: chrome://marionette/content/atoms.js, line 62: TypeError: variable c redeclares argument
JavaScript strict warning: chrome://marionette/content/atoms.js, line 65: TypeError: variable a redeclares argument
JavaScript strict warning: chrome://marionette/content/atoms.js, line 68: SyntaxError: test for equality (==) mistyped as assignment (=)?
JavaScript strict warning: chrome://marionette/content/atoms.js, line 86: SyntaxError: test for equality (==) mistyped as assignment (=)?
JavaScript strict warning: chrome://marionette/content/atoms.js, line 86: SyntaxError: test for equality (==) mistyped as assignment (=)?
JavaScript strict warning: chrome://marionette/content/atoms.js, line 92: TypeError: variable a redeclares argument
JavaScript strict warning: chrome://marionette/content/atoms.js, line 95: SyntaxError: test for equality (==) mistyped as assignment (=)?
JavaScript strict warning: chrome://marionette/content/atoms.js, line 98: SyntaxError: test for equality (==) mistyped as assignment (=)?
JavaScript strict warning: chrome://marionette/content/atoms.js, line 98: SyntaxError: test for equality (==) mistyped as assignment (=)?
JavaScript strict warning: chrome://marionette/content/atoms.js, line 104: TypeError: variable a redeclares argument
JavaScript strict warning: chrome://marionette/content/atoms.js, line 108: TypeError: variable a redeclares argument
JavaScript strict warning: chrome://marionette/content/atoms.js, line 109: TypeError: variable a redeclares argument
JavaScript strict warning: chrome://marionette/content/atoms.js, line 111: SyntaxError: test for equality (==) mistyped as assignment (=)?
JavaScript strict warning: chrome://marionette/content/atoms.js, line 114: TypeError: variable a redeclares argument
JavaScript strict warning: chrome://marionette/content/atoms.js, line 120: TypeError: variable a redeclares argument
JavaScript strict warning: chrome://marionette/content/atoms.js, line 121: SyntaxError: test for equality (==) mistyped as assignment (=)?
JavaScript strict warning: chrome://marionette/content/atoms.js, line 125: TypeError: variable a redeclares argument
JavaScript strict warning: chrome://marionette/content/atoms.js, line 128: TypeError: variable a redeclares argument
JavaScript strict warning: chrome://marionette/content/atoms.js, line 133: TypeError: variable a redeclares argument
JavaScript strict warning: chrome://marionette/content/atoms.js, line 136: SyntaxError: test for equality (==) mistyped as assignment (=)?
JavaScript strict warning: chrome://marionette/content/atoms.js, line 136: SyntaxError: test for equality (==) mistyped as assignment (=)?
JavaScript strict warning: chrome://marionette/content/atoms.js, line 136: SyntaxError: test for equality (==) mistyped as assignment (=)?
JavaScript strict warning: chrome://marionette/content/atoms.js, line 155: SyntaxError: test for equality (==) mistyped as assignment (=)?
JavaScript strict warning: chrome://marionette/content/atoms.js, line 167: SyntaxError: test for equality (==) mistyped as assignment (=)?
JavaScript strict warning: chrome://marionette/content/atoms.js, line 169: SyntaxError: test for equality (==) mistyped as assignment (=)?
JavaScript strict warning: chrome://marionette/content/atoms.js, line 170: SyntaxError: test for equality (==) mistyped as assignment (=)?
1416731845040	Marionette	INFO	Listening on port 63974
1416731845040	Marionette	INFO	Marionette server ready
JavaScript strict warning: resource://gre/modules/PushService.jsm, line 1754: ReferenceError: reference to undefined property Cc['@mozilla.org/network/manager;1']
++DOCSHELL 0x11056d000 == 2 [pid = 66582] [id = 2]
++DOMWINDOW == 3 (0x110546800) [pid = 66582] [serial = 3] [outer = 0x0]
++DOMWINDOW == 4 (0x110548400) [pid = 66582] [serial = 4] [outer = 0x110546800]
++DOMWINDOW == 5 (0x1105bd800) [pid = 66582] [serial = 5] [outer = 0x10ed6ac00]
Error getting tracking ID [Exception... "Component returned failure code: 0x8000ffff (NS_ERROR_UNEXPECTED) [nsIPrefBranch.getIntPref]"  nsresult: "0x8000ffff (NS_ERROR_UNEXPECTED)"  location: "JS frame :: chrome://b2g/content/settings.js :: setUpdateTrackingId :: line 247"  data: no]
JavaScript strict warning: , line 0: TypeError: "Ci" is read-only
JavaScript strict warning: , line 0: TypeError: "Cu" is read-only
JavaScript error: resource://gre/modules/FileUtils.jsm, line 63: NS_ERROR_FAILURE: Component returned failure code: 0x80004005 (NS_ERROR_FAILURE) [nsIProperties.get]
[66582] WARNING: NS_ENSURE_SUCCESS(rv, rv) failed with result 0x80520012: file /builds/slave/b2g-in-osx64_g-d-0000000000000/build/netwerk/base/src/nsFileStreams.cpp, line 205
[66582] WARNING: NS_ENSURE_SUCCESS(rv, rv) failed with result 0x80520012: file /builds/slave/b2g-in-osx64_g-d-0000000000000/build/netwerk/base/src/nsFileStreams.cpp, line 492
[66582] WARNING: NS_ENSURE_SUCCESS(rv, rv) failed with result 0x80520012: file /builds/slave/b2g-in-osx64_g-d-0000000000000/build/netwerk/base/src/nsFileStreams.cpp, line 205
[66582] WARNING: NS_ENSURE_SUCCESS(rv, rv) failed with result 0x80520012: file /builds/slave/b2g-in-osx64_g-d-0000000000000/build/netwerk/base/src/nsFileStreams.cpp, line 492
[66582] WARNING: NS_ENSURE_SUCCESS(rv, rv) failed with result 0x80520012: file /builds/slave/b2g-in-osx64_g-d-0000000000000/build/netwerk/base/src/nsFileStreams.cpp, line 205
[66582] WARNING: NS_ENSURE_SUCCESS(rv, rv) failed with result 0x80520012: file /builds/slave/b2g-in-osx64_g-d-0000000000000/build/netwerk/base/src/nsFileStreams.cpp, line 492
[66582] WARNING: NS_ENSURE_SUCCESS(rv, rv) failed with result 0x80520012: file /builds/slave/b2g-in-osx64_g-d-0000000000000/build/netwerk/base/src/nsFileStreams.cpp, line 205
[66582] WARNING: NS_ENSURE_SUCCESS(rv, rv) failed with result 0x80520012: file /builds/slave/b2g-in-osx64_g-d-0000000000000/build/netwerk/base/src/nsFileStreams.cpp, line 492
[66582] WARNING: NS_ENSURE_SUCCESS(rv, rv) failed with result 0x80520012: file /builds/slave/b2g-in-osx64_g-d-0000000000000/build/netwerk/base/src/nsFileStreams.cpp, line 205
[66582] WARNING: NS_ENSURE_SUCCESS(rv, rv) failed with result 0x80520012: file /builds/slave/b2g-in-osx64_g-d-0000000000000/build/netwerk/base/src/nsFileStreams.cpp, line 492
[66582] WARNING: NS_ENSURE_SUCCESS(rv, rv) failed with result 0x80520012: file /builds/slave/b2g-in-osx64_g-d-0000000000000/build/netwerk/base/src/nsFileStreams.cpp, line 205
[66582] WARNING: NS_ENSURE_SUCCESS(rv, rv) failed with result 0x80520012: file /builds/slave/b2g-in-osx64_g-d-0000000000000/build/netwerk/base/src/nsFileStreams.cpp, line 492
[66582] WARNING: NS_ENSURE_SUCCESS(rv, rv) failed with result 0x80040111: file /builds/slave/b2g-in-osx64_g-d-0000000000000/build/dom/events/ContentEventHandler.cpp, line 110
JavaScript strict warning: resource://gre/modules/AppsUtils.jsm, line 760: ReferenceError: reference to undefined property this._manifest[aProp]
[66582] WARNING: NS_ENSURE_TRUE(mTextInputHandler) failed: file /builds/slave/b2g-in-osx64_g-d-0000000000000/build/widget/cocoa/nsChildView.mm, line 5698
[66582] WARNING: NS_ENSURE_SUCCESS(rv, rv) failed with result 0x80520012: file /builds/slave/b2g-in-osx64_g-d-0000000000000/build/netwerk/base/src/nsFileStreams.cpp, line 205
[66582] WARNING: NS_ENSURE_SUCCESS(rv, rv) failed with result 0x80520012: file /builds/slave/b2g-in-osx64_g-d-0000000000000/build/netwerk/base/src/nsFileStreams.cpp, line 492
1416731846957	Marionette	DEBUG	accepted connection on 127.0.0.1:49285
[66582] WARNING: NS_ENSURE_TRUE(mTextInputHandler) failed: file /builds/slave/b2g-in-osx64_g-d-0000000000000/build/widget/cocoa/nsChildView.mm, line 5698
1416731847168	Marionette	DEBUG	accepted connection on 127.0.0.1:49286
1416731847204	Marionette	DEBUG	Got request: getMarionetteID, data: {"name":"getMarionetteID","to":"root"}, id: null
1416731847357	Marionette	DEBUG	Got request: newSession, data: {"name":"newSession","to":"0"}, id: null
1416731847357	Marionette	INFO	The newSession request is {"name":"newSession","to":"0"}
JavaScript strict warning: chrome://marionette/content/marionette-server.js, line 2894: ReferenceError: reference to undefined property this.browser
++DOCSHELL 0x111142800 == 3 [pid = 66582] [id = 3]
++DOMWINDOW == 6 (0x10ed68800) [pid = 66582] [serial = 6] [outer = 0x0]
++DOMWINDOW == 7 (0x11162fc00) [pid = 66582] [serial = 7] [outer = 0x10ed68800]
1416731847461	Marionette	INFO	loaded marionette-listener.js
1416731847462	Marionette	INFO	sendToClient: {"from":"0","sessionId":"{0c8da133-5d63-464a-bfbd-35c5367fa88f}","value":{"browserName":"B2G","browserVersion":"36.0a1","platformName":"DARWIN","platformVersion":"36.0a1","handlesAlerts":false,"nativeEvents":false,"rotatable":true,"secureSsl":false,"takesElementScreenshot":true,"takesScreenshot":true,"platform":"DARWIN","XULappId":"{3c2e2abc-06d4-11e1-ac3b-374f68613e61}","appBuildId":"20141122012745","device":"desktop","version":"36.0a1","b2g":true}}, {c6b1d25f-b7b8-204f-8791-1061539d7452}, {c6b1d25f-b7b8-204f-8791-1061539d7452}
###################################### forms.js loaded
############################### browserElementPanning.js loaded
######################## BrowserElementChildPreload.js loaded
*** UTM:SVC TimerManager:registerTimer - id: user-agent-updates-timer
JavaScript strict warning: resource://gre/modules/WebappOSUtils.jsm, line 65: SyntaxError: test for equality (==) mistyped as assignment (=)?
[66582] WARNING: Channel provided to SetRequestContext is not an nsIHttpChannel so referrer is not available for reporting.: file /builds/slave/b2g-in-osx64_g-d-0000000000000/build/dom/security/nsCSPContext.cpp, line 537
++DOMWINDOW == 8 (0x11f91b400) [pid = 66582] [serial = 8] [outer = 0x10ed68800]
[66582] WARNING: NS_ENSURE_TRUE(globalObject && globalObject->GetGlobalJSObject()) failed: file /builds/slave/b2g-in-osx64_g-d-0000000000000/build/dom/base/nsDocument.cpp, line 8200
JavaScript strict warning: resource://gre/modules/CrashSubmit.jsm, line 89: SyntaxError: octal literals and octal escape sequences are deprecated
JavaScript strict warning: resource://gre/modules/CrashSubmit.jsm, line 89: SyntaxError: octal literals and octal escape sequences are deprecated
JavaScript strict warning: resource://gre/modules/CrashSubmit.jsm, line 89: SyntaxError: octal literals and octal escape sequences are deprecated
[66582] WARNING: NS_ENSURE_SUCCESS(rv, rv) failed with result 0x80520012: file /builds/slave/b2g-in-osx64_g-d-0000000000000/build/layout/style/Loader.cpp, line 2350
[66582] WARNING: NS_ENSURE_SUCCESS(rv, rv) failed with result 0x80520012: file /builds/slave/b2g-in-osx64_g-d-0000000000000/build/dom/base/nsScriptLoader.cpp, line 376
[66582] WARNING: NS_ENSURE_SUCCESS(rv, rv) failed with result 0x80520012: file /builds/slave/b2g-in-osx64_g-d-0000000000000/build/dom/base/nsScriptLoader.cpp, line 376
1416731847655	Marionette	DEBUG	Got request: setContext, data: {"name":"setContext","parameters":{"value":"chrome"},"to":"0","session":{"browserName":"B2G","browserVersion":"36.0a1","platformName":"DARWIN","platformVersion":"36.0a1","handlesAlerts":false,"nativeEvents":false,"rotatable":true,"secureSsl":false,"takesElementScreenshot":true,"takesScreenshot":true,"platform":"DARWIN","XULappId":"{3c2e2abc-06d4-11e1-ac3b-374f68613e61}","appBuildId":"20141122012745","device":"desktop","version":"36.0a1","b2g":true}}, id: null
1416731847655	Marionette	INFO	sendToClient: {"from":"0","ok":true}, {b5cb459d-9908-4e4a-816d-bc0238176639}, {b5cb459d-9908-4e4a-816d-bc0238176639}
[66582] WARNING: NS_ENSURE_TRUE(globalObject && globalObject->GetGlobalJSObject()) failed: file /builds/slave/b2g-in-osx64_g-d-0000000000000/build/dom/base/nsDocument.cpp, line 8200
[66582] WARNING: NS_ENSURE_SUCCESS(rv, rv) failed with result 0x80520012: file /builds/slave/b2g-in-osx64_g-d-0000000000000/build/layout/style/Loader.cpp, line 2096
[66582] WARNING: NS_ENSURE_TRUE(globalObject && globalObject->GetGlobalJSObject()) failed: file /builds/slave/b2g-in-osx64_g-d-0000000000000/build/dom/base/nsDocument.cpp, line 8200
JavaScript strict warning: resource://gre/modules/Webapps.jsm, line 1155: ReferenceError: reference to undefined property msg.app
1416731847734	Marionette	DEBUG	Got request: executeScript, data: {"name":"executeScript","parameters":{"script":"return (function () {\n      const Cu = Components.utils;\n      Cu.import(\"resource://gre/modules/ctypes.jsm\");\n\n      var dies = function() {\n        var zero = new ctypes.intptr_t(8);\n        var badptr = ctypes.cast(zero, ctypes.PointerType(ctypes.int32_t));\n        badptr.contents\n      };\n\n      dump(\"Et tu, Brute?\");\n      dies();\n    }.apply(this, arguments));","args":[]},"to":"0","session":{"browserName":"B2G","browserVersion":"36.0a1","platformName":"DARWIN","platformVersion":"36.0a1","handlesAlerts":false,"nativeEvents":false,"rotatable":true,"secureSsl":false,"takesElementScreenshot":true,"takesScreenshot":true,"platform":"DARWIN","XULappId":"{3c2e2abc-06d4-11e1-ac3b-374f68613e61}","appBuildId":"20141122012745","device":"desktop","version":"36.0a1","b2g":true}}, id: null
JavaScript strict warning: chrome://marionette/content/marionette-elements.js, line 254: ReferenceError: assignment to undeclared variable namedArgs
Et tu, Brute?
!!
{ [crash: Crash detected at: @ js::ctypes::ConvertToJS] name: 'crash' }
    1) crash me
!!
!!
    2) "after each" hook


  0 passing (9s)

